# JRE version: Java(TM) SE Runtime Environment (8.0_91-b14) (build 1.8.0_91-b14)
# Java VM: Java HotSpot(TM) 64-Bit Server VM (25.91-b14 mixed mode windows-amd64 compressed oops)
Heap:
 PSYoungGen      total 223232K, used 172380K [0x00000000d5580000, 0x00000000e5280000, 0x0000000100000000)
  eden space 212480K, 76% used [0x00000000d5580000,0x00000000df3b3420,0x00000000e2500000)
  from space 10752K, 96% used [0x00000000e3500000,0x00000000e3f23cf8,0x00000000e3f80000)
  to   space 18944K, 0% used [0x00000000e4000000,0x00000000e4000000,0x00000000e5280000)
 ParOldGen       total 197120K, used 62075K [0x0000000080000000, 0x000000008c080000, 0x00000000d5580000)
  object space 197120K, 31% used [0x0000000080000000,0x0000000083c9eef0,0x000000008c080000)
 Metaspace       used 104320K, capacity 112978K, committed 113024K, reserved 1146880K
  class space    used 13875K, capacity 15211K, committed 15232K, reserved 1048576K
GC Heap History (10 events):
Event: 3204.275 GC heap before
{Heap before GC invocations=29 (full 4):
 PSYoungGen      total 258048K, used 257710K [0x00000000d5580000, 0x00000000e8280000, 0x0000000100000000)
  eden space 249856K, 100% used [0x00000000d5580000,0x00000000e4980000,0x00000000e4980000)
  from space 8192K, 95% used [0x00000000e7a80000,0x00000000e822bac0,0x00000000e8280000)
  to   space 23040K, 0% used [0x00000000e5580000,0x00000000e5580000,0x00000000e6c00000)
 ParOldGen       total 197120K, used 62035K [0x0000000080000000, 0x000000008c080000, 0x00000000d5580000)
  object space 197120K, 31% used [0x0000000080000000,0x0000000083c94ef0,0x000000008c080000)
 Metaspace       used 102159K, capacity 108744K, committed 108928K, reserved 1142784K
  class space    used 13545K, capacity 14618K, committed 14720K, reserved 1048576K
Event: 3204.291 GC heap after
Heap after GC invocations=29 (full 4):
 PSYoungGen      total 251904K, used 10062K [0x00000000d5580000, 0x00000000e7b00000, 0x0000000100000000)
  eden space 241664K, 0% used [0x00000000d5580000,0x00000000d5580000,0x00000000e4180000)
  from space 10240K, 98% used [0x00000000e5580000,0x00000000e5f53ac0,0x00000000e5f80000)
  to   space 22016K, 0% used [0x00000000e6580000,0x00000000e6580000,0x00000000e7b00000)
 ParOldGen       total 197120K, used 62043K [0x0000000080000000, 0x000000008c080000, 0x00000000d5580000)
  object space 197120K, 31% used [0x0000000080000000,0x0000000083c96ef0,0x000000008c080000)
 Metaspace       used 102159K, capacity 108744K, committed 108928K, reserved 1142784K
  class space    used 13545K, capacity 14618K, committed 14720K, reserved 1048576K
}
Event: 3271.220 GC heap before
{Heap before GC invocations=30 (full 4):
 PSYoungGen      total 251904K, used 251707K [0x00000000d5580000, 0x00000000e7b00000, 0x0000000100000000)
  eden space 241664K, 99% used [0x00000000d5580000,0x00000000e417b238,0x00000000e4180000)
  from space 10240K, 98% used [0x00000000e5580000,0x00000000e5f53ac0,0x00000000e5f80000)
  to   space 22016K, 0% used [0x00000000e6580000,0x00000000e6580000,0x00000000e7b00000)
 ParOldGen       total 197120K, used 62043K [0x0000000080000000, 0x000000008c080000, 0x00000000d5580000)
  object space 197120K, 31% used [0x0000000080000000,0x0000000083c96ef0,0x000000008c080000)
 Metaspace       used 102296K, capacity 108888K, committed 109184K, reserved 1144832K
  class space    used 13546K, capacity 14620K, committed 14720K, reserved 1048576K
Event: 3271.253 GC heap after
Heap after GC invocations=30 (full 4):
 PSYoungGen      total 244736K, used 10718K [0x00000000d5580000, 0x00000000e7000000, 0x0000000100000000)
  eden space 233984K, 0% used [0x00000000d5580000,0x00000000d5580000,0x00000000e3a00000)
  from space 10752K, 99% used [0x00000000e6580000,0x00000000e6ff7ba0,0x00000000e7000000)
  to   space 20992K, 0% used [0x00000000e4700000,0x00000000e4700000,0x00000000e5b80000)
 ParOldGen       total 197120K, used 62051K [0x0000000080000000, 0x000000008c080000, 0x00000000d5580000)
  object space 197120K, 31% used [0x0000000080000000,0x0000000083c98ef0,0x000000008c080000)
 Metaspace       used 102296K, capacity 108888K, committed 109184K, reserved 1144832K
  class space    used 13546K, capacity 14620K, committed 14720K, reserved 1048576K
}
Event: 3418.753 GC heap before
{Heap before GC invocations=31 (full 4):
 PSYoungGen      total 244736K, used 244702K [0x00000000d5580000, 0x00000000e7000000, 0x0000000100000000)
  eden space 233984K, 100% used [0x00000000d5580000,0x00000000e3a00000,0x00000000e3a00000)
  from space 10752K, 99% used [0x00000000e6580000,0x00000000e6ff7ba0,0x00000000e7000000)
  to   space 20992K, 0% used [0x00000000e4700000,0x00000000e4700000,0x00000000e5b80000)
 ParOldGen       total 197120K, used 62051K [0x0000000080000000, 0x000000008c080000, 0x00000000d5580000)
  object space 197120K, 31% used [0x0000000080000000,0x0000000083c98ef0,0x000000008c080000)
 Metaspace       used 102462K, capacity 109046K, committed 109184K, reserved 1144832K
  class space    used 13548K, capacity 14623K, committed 14720K, reserved 1048576K
Event: 3418.776 GC heap after
Heap after GC invocations=31 (full 4):
 PSYoungGen      total 234496K, used 8026K [0x00000000d5580000, 0x00000000e6600000, 0x0000000100000000)
  eden space 226304K, 0% used [0x00000000d5580000,0x00000000d5580000,0x00000000e3280000)
  from space 8192K, 97% used [0x00000000e4700000,0x00000000e4ed6ae8,0x00000000e4f00000)
  to   space 20480K, 0% used [0x00000000e5200000,0x00000000e5200000,0x00000000e6600000)
 ParOldGen       total 197120K, used 62059K [0x0000000080000000, 0x000000008c080000, 0x00000000d5580000)
  object space 197120K, 31% used [0x0000000080000000,0x0000000083c9aef0,0x000000008c080000)
 Metaspace       used 102462K, capacity 109046K, committed 109184K, reserved 1144832K
  class space    used 13548K, capacity 14623K, committed 14720K, reserved 1048576K
}
Event: 3480.657 GC heap before
{Heap before GC invocations=32 (full 4):
 PSYoungGen      total 234496K, used 234330K [0x00000000d5580000, 0x00000000e6600000, 0x0000000100000000)
  eden space 226304K, 100% used [0x00000000d5580000,0x00000000e3280000,0x00000000e3280000)
  from space 8192K, 97% used [0x00000000e4700000,0x00000000e4ed6ae8,0x00000000e4f00000)
  to   space 20480K, 0% used [0x00000000e5200000,0x00000000e5200000,0x00000000e6600000)
 ParOldGen       total 197120K, used 62059K [0x0000000080000000, 0x000000008c080000, 0x00000000d5580000)
  object space 197120K, 31% used [0x0000000080000000,0x0000000083c9aef0,0x000000008c080000)
 Metaspace       used 103903K, capacity 112216K, committed 112512K, reserved 1146880K
  class space    used 13840K, capacity 15150K, committed 15232K, reserved 1048576K
Event: 3480.678 GC heap after
Heap after GC invocations=32 (full 4):
 PSYoungGen      total 228352K, used 8815K [0x00000000d5580000, 0x00000000e5b00000, 0x0000000100000000)
  eden space 219136K, 0% used [0x00000000d5580000,0x00000000d5580000,0x00000000e2b80000)
  from space 9216K, 95% used [0x00000000e5200000,0x00000000e5a9bcb8,0x00000000e5b00000)
  to   space 19456K, 0% used [0x00000000e3500000,0x00000000e3500000,0x00000000e4800000)
 ParOldGen       total 197120K, used 62067K [0x0000000080000000, 0x000000008c080000, 0x00000000d5580000)
  object space 197120K, 31% used [0x0000000080000000,0x0000000083c9cef0,0x000000008c080000)
 Metaspace       used 103903K, capacity 112216K, committed 112512K, reserved 1146880K
  class space    used 13840K, capacity 15150K, committed 15232K, reserved 1048576K
}
Event: 3497.428 GC heap before
{Heap before GC invocations=33 (full 4):
 PSYoungGen      total 228352K, used 227951K [0x00000000d5580000, 0x00000000e5b00000, 0x0000000100000000)
  eden space 219136K, 100% used [0x00000000d5580000,0x00000000e2b80000,0x00000000e2b80000)
  from space 9216K, 95% used [0x00000000e5200000,0x00000000e5a9bcb8,0x00000000e5b00000)
  to   space 19456K, 0% used [0x00000000e3500000,0x00000000e3500000,0x00000000e4800000)
 ParOldGen       total 197120K, used 62067K [0x0000000080000000, 0x000000008c080000, 0x00000000d5580000)
  object space 197120K, 31% used [0x0000000080000000,0x0000000083c9cef0,0x000000008c080000)
 Metaspace       used 104143K, capacity 112782K, committed 113024K, reserved 1146880K
  class space    used 13875K, capacity 15211K, committed 15232K, reserved 1048576K
Event: 3497.443 GC heap after
Heap after GC invocations=33 (full 4):
 PSYoungGen      total 223232K, used 10383K [0x00000000d5580000, 0x00000000e5280000, 0x0000000100000000)
  eden space 212480K, 0% used [0x00000000d5580000,0x00000000d5580000,0x00000000e2500000)
  from space 10752K, 96% used [0x00000000e3500000,0x00000000e3f23cf8,0x00000000e3f80000)
  to   space 18944K, 0% used [0x00000000e4000000,0x00000000e4000000,0x00000000e5280000)
 ParOldGen       total 197120K, used 62075K [0x0000000080000000, 0x000000008c080000, 0x00000000d5580000)
  object space 197120K, 31% used [0x0000000080000000,0x0000000083c9eef0,0x000000008c080000)
 Metaspace       used 104143K, capacity 112782K, committed 113024K, reserved 1146880K
  class space    used 13875K, capacity 15211K, committed 15232K, reserved 1048576K
}

