# JRE version: Java(TM) SE Runtime Environment (8.0_91-b14) (build 1.8.0_91-b14)
# Java VM: Java HotSpot(TM) 64-Bit Server VM (25.91-b14 mixed mode windows-amd64 compressed oops)
Heap:
 PSYoungGen      total 142336K, used 22086K [0x00000000d5e00000, 0x00000000e3800000, 0x0000000100000000)
  eden space 126464K, 4% used [0x00000000d5e00000,0x00000000d64147e8,0x00000000dd980000)
  from space 15872K, 99% used [0x00000000df080000,0x00000000dfffd3e8,0x00000000e0000000)
  to   space 23552K, 0% used [0x00000000dd980000,0x00000000dd980000,0x00000000df080000)
 ParOldGen       total 67584K, used 38563K [0x0000000081a00000, 0x0000000085c00000, 0x00000000d5e00000)
  object space 67584K, 57% used [0x0000000081a00000,0x0000000083fa8c20,0x0000000085c00000)
 Metaspace       used 45012K, capacity 45798K, committed 46208K, reserved 1089536K
  class space    used 5719K, capacity 5903K, committed 6016K, reserved 1048576K
GC Heap History (10 events):
Event: 1.422 GC heap before
{Heap before GC invocations=4 (full 1):
 PSYoungGen      total 71680K, used 5091K [0x00000000d5e00000, 0x00000000dea00000, 0x0000000100000000)
  eden space 66560K, 0% used [0x00000000d5e00000,0x00000000d5e00000,0x00000000d9f00000)
  from space 5120K, 99% used [0x00000000d9f00000,0x00000000da3f8ce8,0x00000000da400000)
  to   space 5120K, 0% used [0x00000000de500000,0x00000000de500000,0x00000000dea00000)
 ParOldGen       total 87552K, used 12315K [0x0000000081a00000, 0x0000000086f80000, 0x00000000d5e00000)
  object space 87552K, 14% used [0x0000000081a00000,0x0000000082606de0,0x0000000086f80000)
 Metaspace       used 20762K, capacity 21208K, committed 21296K, reserved 1069056K
  class space    used 2539K, capacity 2659K, committed 2688K, reserved 1048576K
Event: 1.462 GC heap after
Heap after GC invocations=4 (full 1):
 PSYoungGen      total 71680K, used 0K [0x00000000d5e00000, 0x00000000dea00000, 0x0000000100000000)
  eden space 66560K, 0% used [0x00000000d5e00000,0x00000000d5e00000,0x00000000d9f00000)
  from space 5120K, 0% used [0x00000000d9f00000,0x00000000d9f00000,0x00000000da400000)
  to   space 5120K, 0% used [0x00000000de500000,0x00000000de500000,0x00000000dea00000)
 ParOldGen       total 67584K, used 9354K [0x0000000081a00000, 0x0000000085c00000, 0x00000000d5e00000)
  object space 67584K, 13% used [0x0000000081a00000,0x0000000082322830,0x0000000085c00000)
 Metaspace       used 20762K, capacity 21208K, committed 21296K, reserved 1069056K
  class space    used 2539K, capacity 2659K, committed 2688K, reserved 1048576K
}
Event: 2.528 GC heap before
{Heap before GC invocations=5 (full 1):
 PSYoungGen      total 71680K, used 66560K [0x00000000d5e00000, 0x00000000dea00000, 0x0000000100000000)
  eden space 66560K, 100% used [0x00000000d5e00000,0x00000000d9f00000,0x00000000d9f00000)
  from space 5120K, 0% used [0x00000000d9f00000,0x00000000d9f00000,0x00000000da400000)
  to   space 5120K, 0% used [0x00000000de500000,0x00000000de500000,0x00000000dea00000)
 ParOldGen       total 67584K, used 9354K [0x0000000081a00000, 0x0000000085c00000, 0x00000000d5e00000)
  object space 67584K, 13% used [0x0000000081a00000,0x0000000082322830,0x0000000085c00000)
 Metaspace       used 29514K, capacity 30028K, committed 30336K, reserved 1075200K
  class space    used 3755K, capacity 3883K, committed 3968K, reserved 1048576K
Event: 2.550 GC heap after
Heap after GC invocations=5 (full 1):
 PSYoungGen      total 99840K, used 5090K [0x00000000d5e00000, 0x00000000dea00000, 0x0000000100000000)
  eden space 94720K, 0% used [0x00000000d5e00000,0x00000000d5e00000,0x00000000dba80000)
  from space 5120K, 99% used [0x00000000de500000,0x00000000de9f8908,0x00000000dea00000)
  to   space 5120K, 0% used [0x00000000de000000,0x00000000de000000,0x00000000de500000)
 ParOldGen       total 67584K, used 20820K [0x0000000081a00000, 0x0000000085c00000, 0x00000000d5e00000)
  object space 67584K, 30% used [0x0000000081a00000,0x0000000082e55028,0x0000000085c00000)
 Metaspace       used 29514K, capacity 30028K, committed 30336K, reserved 1075200K
  class space    used 3755K, capacity 3883K, committed 3968K, reserved 1048576K
}
Event: 3.140 GC heap before
{Heap before GC invocations=6 (full 1):
 PSYoungGen      total 99840K, used 32014K [0x00000000d5e00000, 0x00000000dea00000, 0x0000000100000000)
  eden space 94720K, 28% used [0x00000000d5e00000,0x00000000d784af70,0x00000000dba80000)
  from space 5120K, 99% used [0x00000000de500000,0x00000000de9f8908,0x00000000dea00000)
  to   space 5120K, 0% used [0x00000000de000000,0x00000000de000000,0x00000000de500000)
 ParOldGen       total 67584K, used 20820K [0x0000000081a00000, 0x0000000085c00000, 0x00000000d5e00000)
  object space 67584K, 30% used [0x0000000081a00000,0x0000000082e55028,0x0000000085c00000)
 Metaspace       used 34642K, capacity 35244K, committed 35456K, reserved 1079296K
  class space    used 4525K, capacity 4684K, committed 4736K, reserved 1048576K
Event: 3.151 GC heap after
Heap after GC invocations=6 (full 1):
 PSYoungGen      total 138240K, used 5099K [0x00000000d5e00000, 0x00000000e0000000, 0x0000000100000000)
  eden space 133120K, 0% used [0x00000000d5e00000,0x00000000d5e00000,0x00000000de000000)
  from space 5120K, 99% used [0x00000000de000000,0x00000000de4fadc8,0x00000000de500000)
  to   space 15872K, 0% used [0x00000000df080000,0x00000000df080000,0x00000000e0000000)
 ParOldGen       total 67584K, used 27357K [0x0000000081a00000, 0x0000000085c00000, 0x00000000d5e00000)
  object space 67584K, 40% used [0x0000000081a00000,0x00000000834b77c8,0x0000000085c00000)
 Metaspace       used 34642K, capacity 35244K, committed 35456K, reserved 1079296K
  class space    used 4525K, capacity 4684K, committed 4736K, reserved 1048576K
}
Event: 3.151 GC heap before
{Heap before GC invocations=7 (full 2):
 PSYoungGen      total 138240K, used 5099K [0x00000000d5e00000, 0x00000000e0000000, 0x0000000100000000)
  eden space 133120K, 0% used [0x00000000d5e00000,0x00000000d5e00000,0x00000000de000000)
  from space 5120K, 99% used [0x00000000de000000,0x00000000de4fadc8,0x00000000de500000)
  to   space 15872K, 0% used [0x00000000df080000,0x00000000df080000,0x00000000e0000000)
 ParOldGen       total 67584K, used 27357K [0x0000000081a00000, 0x0000000085c00000, 0x00000000d5e00000)
  object space 67584K, 40% used [0x0000000081a00000,0x00000000834b77c8,0x0000000085c00000)
 Metaspace       used 34642K, capacity 35244K, committed 35456K, reserved 1079296K
  class space    used 4525K, capacity 4684K, committed 4736K, reserved 1048576K
Event: 3.231 GC heap after
Heap after GC invocations=7 (full 2):
 PSYoungGen      total 138240K, used 0K [0x00000000d5e00000, 0x00000000e0000000, 0x0000000100000000)
  eden space 133120K, 0% used [0x00000000d5e00000,0x00000000d5e00000,0x00000000de000000)
  from space 5120K, 0% used [0x00000000de000000,0x00000000de000000,0x00000000de500000)
  to   space 15872K, 0% used [0x00000000df080000,0x00000000df080000,0x00000000e0000000)
 ParOldGen       total 67584K, used 28309K [0x0000000081a00000, 0x0000000085c00000, 0x00000000d5e00000)
  object space 67584K, 41% used [0x0000000081a00000,0x00000000835a5460,0x0000000085c00000)
 Metaspace       used 34642K, capacity 35244K, committed 35456K, reserved 1079296K
  class space    used 4525K, capacity 4684K, committed 4736K, reserved 1048576K
}
Event: 5.436 GC heap before
{Heap before GC invocations=8 (full 2):
 PSYoungGen      total 138240K, used 133120K [0x00000000d5e00000, 0x00000000e0000000, 0x0000000100000000)
  eden space 133120K, 100% used [0x00000000d5e00000,0x00000000de000000,0x00000000de000000)
  from space 5120K, 0% used [0x00000000de000000,0x00000000de000000,0x00000000de500000)
  to   space 15872K, 0% used [0x00000000df080000,0x00000000df080000,0x00000000e0000000)
 ParOldGen       total 67584K, used 28309K [0x0000000081a00000, 0x0000000085c00000, 0x00000000d5e00000)
  object space 67584K, 41% used [0x0000000081a00000,0x00000000835a5460,0x0000000085c00000)
 Metaspace       used 45008K, capacity 45798K, committed 46208K, reserved 1089536K
  class space    used 5719K, capacity 5903K, committed 6016K, reserved 1048576K
Event: 5.463 GC heap after
Heap after GC invocations=8 (full 2):
 PSYoungGen      total 142336K, used 15860K [0x00000000d5e00000, 0x00000000e3800000, 0x0000000100000000)
  eden space 126464K, 0% used [0x00000000d5e00000,0x00000000d5e00000,0x00000000dd980000)
  from space 15872K, 99% used [0x00000000df080000,0x00000000dfffd3e8,0x00000000e0000000)
  to   space 23552K, 0% used [0x00000000dd980000,0x00000000dd980000,0x00000000df080000)
 ParOldGen       total 67584K, used 38563K [0x0000000081a00000, 0x0000000085c00000, 0x00000000d5e00000)
  object space 67584K, 57% used [0x0000000081a00000,0x0000000083fa8c20,0x0000000085c00000)
 Metaspace       used 45008K, capacity 45798K, committed 46208K, reserved 1089536K
  class space    used 5719K, capacity 5903K, committed 6016K, reserved 1048576K
}

