# JRE version: OpenJDK Runtime Environment (11.0.11+9) (build 11.0.11+9-b60-7590822)
# Java VM: OpenJDK 64-Bit Server VM (11.0.11+9-b60-7590822, mixed mode, tiered, compressed oops, g1 gc, windows-amd64)
Heap:
 garbage-first heap   total 528384K, used 186635K [0x0000000080000000, 0x0000000100000000)
  region size 1024K, 9 young (9216K), 9 survivors (9216K)
 Metaspace       used 156150K, capacity 160905K, committed 162564K, reserved 1191936K
  class space    used 18888K, capacity 20564K, committed 21120K, reserved 1048576K
GC Heap History (20 events):
Event: 440.085 GC heap after
{Heap after GC invocations=134 (full 0):
 garbage-first heap   total 328704K, used 207566K [0x0000000080000000, 0x0000000100000000)
  region size 1024K, 9 young (9216K), 9 survivors (9216K)
 Metaspace       used 156579K, capacity 161847K, committed 162052K, reserved 1189888K
  class space    used 19156K, capacity 21026K, committed 21120K, reserved 1048576K
}
Event: 440.307 GC heap before
{Heap before GC invocations=134 (full 0):
 garbage-first heap   total 328704K, used 283342K [0x0000000080000000, 0x0000000100000000)
  region size 1024K, 83 young (84992K), 9 survivors (9216K)
 Metaspace       used 156685K, capacity 161940K, committed 162052K, reserved 1189888K
  class space    used 19156K, capacity 21026K, committed 21120K, reserved 1048576K
}
Event: 440.325 GC heap after
{Heap after GC invocations=135 (full 0):
 garbage-first heap   total 328704K, used 211178K [0x0000000080000000, 0x0000000100000000)
  region size 1024K, 6 young (6144K), 6 survivors (6144K)
 Metaspace       used 156685K, capacity 161940K, committed 162052K, reserved 1189888K
  class space    used 19156K, capacity 21026K, committed 21120K, reserved 1048576K
}
Event: 440.371 GC heap before
{Heap before GC invocations=135 (full 0):
 garbage-first heap   total 328704K, used 226538K [0x0000000080000000, 0x0000000100000000)
  region size 1024K, 22 young (22528K), 6 survivors (6144K)
 Metaspace       used 156707K, capacity 161942K, committed 162052K, reserved 1189888K
  class space    used 19156K, capacity 21026K, committed 21120K, reserved 1048576K
}
Event: 440.381 GC heap after
{Heap after GC invocations=136 (full 0):
 garbage-first heap   total 328704K, used 210919K [0x0000000080000000, 0x0000000100000000)
  region size 1024K, 6 young (6144K), 6 survivors (6144K)
 Metaspace       used 156707K, capacity 161942K, committed 162052K, reserved 1189888K
  class space    used 19156K, capacity 21026K, committed 21120K, reserved 1048576K
}
Event: 440.653 GC heap before
{Heap before GC invocations=136 (full 0):
 garbage-first heap   total 328704K, used 283623K [0x0000000080000000, 0x0000000100000000)
  region size 1024K, 76 young (77824K), 6 survivors (6144K)
 Metaspace       used 156773K, capacity 162046K, committed 162308K, reserved 1189888K
  class space    used 19163K, capacity 21034K, committed 21120K, reserved 1048576K
}
Event: 440.661 GC heap after
{Heap after GC invocations=137 (full 0):
 garbage-first heap   total 328704K, used 209851K [0x0000000080000000, 0x0000000100000000)
  region size 1024K, 5 young (5120K), 5 survivors (5120K)
 Metaspace       used 156773K, capacity 162046K, committed 162308K, reserved 1189888K
  class space    used 19163K, capacity 21034K, committed 21120K, reserved 1048576K
}
Event: 440.977 GC heap before
{Heap before GC invocations=137 (full 0):
 garbage-first heap   total 328704K, used 268219K [0x0000000080000000, 0x0000000100000000)
  region size 1024K, 77 young (78848K), 5 survivors (5120K)
 Metaspace       used 155884K, capacity 160597K, committed 162308K, reserved 1189888K
  class space    used 18871K, capacity 20519K, committed 21120K, reserved 1048576K
}
Event: 440.986 GC heap after
{Heap after GC invocations=138 (full 0):
 garbage-first heap   total 328704K, used 194439K [0x0000000080000000, 0x0000000100000000)
  region size 1024K, 5 young (5120K), 5 survivors (5120K)
 Metaspace       used 155884K, capacity 160597K, committed 162308K, reserved 1189888K
  class space    used 18871K, capacity 20519K, committed 21120K, reserved 1048576K
}
Event: 441.264 GC heap before
{Heap before GC invocations=139 (full 0):
 garbage-first heap   total 328704K, used 277383K [0x0000000080000000, 0x0000000100000000)
  region size 1024K, 87 young (89088K), 5 survivors (5120K)
 Metaspace       used 155888K, capacity 160601K, committed 162308K, reserved 1189888K
  class space    used 18871K, capacity 20519K, committed 21120K, reserved 1048576K
}
Event: 441.276 GC heap after
{Heap after GC invocations=140 (full 0):
 garbage-first heap   total 328704K, used 195049K [0x0000000080000000, 0x0000000100000000)
  region size 1024K, 5 young (5120K), 5 survivors (5120K)
 Metaspace       used 155888K, capacity 160601K, committed 162308K, reserved 1189888K
  class space    used 18871K, capacity 20519K, committed 21120K, reserved 1048576K
}
Event: 441.313 GC heap before
{Heap before GC invocations=140 (full 0):
 garbage-first heap   total 328704K, used 206313K [0x0000000080000000, 0x0000000100000000)
  region size 1024K, 16 young (16384K), 5 survivors (5120K)
 Metaspace       used 155888K, capacity 160601K, committed 162308K, reserved 1189888K
  class space    used 18871K, capacity 20519K, committed 21120K, reserved 1048576K
}
Event: 441.340 GC heap after
{Heap after GC invocations=141 (full 0):
 garbage-first heap   total 395264K, used 178586K [0x0000000080000000, 0x0000000100000000)
  region size 1024K, 2 young (2048K), 2 survivors (2048K)
 Metaspace       used 155888K, capacity 160601K, committed 162308K, reserved 1189888K
  class space    used 18871K, capacity 20519K, committed 21120K, reserved 1048576K
}
Event: 441.789 GC heap before
{Heap before GC invocations=141 (full 0):
 garbage-first heap   total 395264K, used 308634K [0x0000000080000000, 0x0000000100000000)
  region size 1024K, 129 young (132096K), 2 survivors (2048K)
 Metaspace       used 155902K, capacity 160613K, committed 162308K, reserved 1189888K
  class space    used 18872K, capacity 20521K, committed 21120K, reserved 1048576K
}
Event: 441.800 GC heap after
{Heap after GC invocations=142 (full 0):
 garbage-first heap   total 395264K, used 179852K [0x0000000080000000, 0x0000000100000000)
  region size 1024K, 3 young (3072K), 3 survivors (3072K)
 Metaspace       used 155902K, capacity 160613K, committed 162308K, reserved 1189888K
  class space    used 18872K, capacity 20521K, committed 21120K, reserved 1048576K
}
Event: 442.190 GC heap before
{Heap before GC invocations=142 (full 0):
 garbage-first heap   total 395264K, used 315020K [0x0000000080000000, 0x0000000100000000)
  region size 1024K, 135 young (138240K), 3 survivors (3072K)
 Metaspace       used 156015K, capacity 160720K, committed 162308K, reserved 1189888K
  class space    used 18874K, capacity 20525K, committed 21120K, reserved 1048576K
}
Event: 442.200 GC heap after
{Heap after GC invocations=143 (full 0):
 garbage-first heap   total 395264K, used 183675K [0x0000000080000000, 0x0000000100000000)
  region size 1024K, 7 young (7168K), 7 survivors (7168K)
 Metaspace       used 156015K, capacity 160720K, committed 162308K, reserved 1189888K
  class space    used 18874K, capacity 20525K, committed 21120K, reserved 1048576K
}
Event: 442.623 GC heap before
{Heap before GC invocations=143 (full 0):
 garbage-first heap   total 395264K, used 320891K [0x0000000080000000, 0x0000000100000000)
  region size 1024K, 140 young (143360K), 7 survivors (7168K)
 Metaspace       used 156118K, capacity 160837K, committed 162308K, reserved 1189888K
  class space    used 18888K, capacity 20564K, committed 21120K, reserved 1048576K
}
Event: 442.639 GC heap after
{Heap after GC invocations=144 (full 0):
 garbage-first heap   total 395264K, used 187218K [0x0000000080000000, 0x0000000100000000)
  region size 1024K, 10 young (10240K), 10 survivors (10240K)
 Metaspace       used 156118K, capacity 160837K, committed 162308K, reserved 1189888K
  class space    used 18888K, capacity 20564K, committed 21120K, reserved 1048576K
}
Event: 443.086 GC heap before
{Heap before GC invocations=144 (full 0):
 garbage-first heap   total 395264K, used 322386K [0x0000000080000000, 0x0000000100000000)
  region size 1024K, 143 young (146432K), 10 survivors (10240K)
 Metaspace       used 156150K, capacity 160905K, committed 162564K, reserved 1191936K
  class space    used 18888K, capacity 20564K, committed 21120K, reserved 1048576K
}

