# JRE version: Java(TM) SE Runtime Environment (8.0_91-b14) (build 1.8.0_91-b14)
# Java VM: Java HotSpot(TM) 64-Bit Server VM (25.91-b14 mixed mode windows-amd64 compressed oops)
Heap:
 PSYoungGen      total 138240K, used 19767K [0x00000000d5e00000, 0x00000000e0080000, 0x0000000100000000)
  eden space 133120K, 14% used [0x00000000d5e00000,0x00000000d714dc48,0x00000000de000000)
  from space 5120K, 0% used [0x00000000de000000,0x00000000de000000,0x00000000de500000)
  to   space 15872K, 0% used [0x00000000df100000,0x00000000df100000,0x00000000e0080000)
 ParOldGen       total 67584K, used 19673K [0x0000000081a00000, 0x0000000085c00000, 0x00000000d5e00000)
  object space 67584K, 29% used [0x0000000081a00000,0x0000000082d36480,0x0000000085c00000)
 Metaspace       used 35733K, capacity 36312K, committed 36608K, reserved 1081344K
  class space    used 4632K, capacity 4782K, committed 4864K, reserved 1048576K
GC Heap History (10 events):
Event: 1.618 GC heap before
{Heap before GC invocations=3 (full 0):
 PSYoungGen      total 71680K, used 23966K [0x00000000d5e00000, 0x00000000da900000, 0x0000000100000000)
  eden space 66560K, 28% used [0x00000000d5e00000,0x00000000d706aca8,0x00000000d9f00000)
  from space 5120K, 99% used [0x00000000da400000,0x00000000da8fcce8,0x00000000da900000)
  to   space 5120K, 0% used [0x00000000d9f00000,0x00000000d9f00000,0x00000000da400000)
 ParOldGen       total 87552K, used 7983K [0x0000000081a00000, 0x0000000086f80000, 0x00000000d5e00000)
  object space 87552K, 9% used [0x0000000081a00000,0x00000000821cbcf8,0x0000000086f80000)
 Metaspace       used 20792K, capacity 21212K, committed 21296K, reserved 1069056K
  class space    used 2538K, capacity 2659K, committed 2688K, reserved 1048576K
Event: 1.628 GC heap after
Heap after GC invocations=3 (full 0):
 PSYoungGen      total 71680K, used 5091K [0x00000000d5e00000, 0x00000000dea00000, 0x0000000100000000)
  eden space 66560K, 0% used [0x00000000d5e00000,0x00000000d5e00000,0x00000000d9f00000)
  from space 5120K, 99% used [0x00000000d9f00000,0x00000000da3f8cd8,0x00000000da400000)
  to   space 5120K, 0% used [0x00000000de500000,0x00000000de500000,0x00000000dea00000)
 ParOldGen       total 87552K, used 12270K [0x0000000081a00000, 0x0000000086f80000, 0x00000000d5e00000)
  object space 87552K, 14% used [0x0000000081a00000,0x00000000825fb8b8,0x0000000086f80000)
 Metaspace       used 20792K, capacity 21212K, committed 21296K, reserved 1069056K
  class space    used 2538K, capacity 2659K, committed 2688K, reserved 1048576K
}
Event: 1.628 GC heap before
{Heap before GC invocations=4 (full 1):
 PSYoungGen      total 71680K, used 5091K [0x00000000d5e00000, 0x00000000dea00000, 0x0000000100000000)
  eden space 66560K, 0% used [0x00000000d5e00000,0x00000000d5e00000,0x00000000d9f00000)
  from space 5120K, 99% used [0x00000000d9f00000,0x00000000da3f8cd8,0x00000000da400000)
  to   space 5120K, 0% used [0x00000000de500000,0x00000000de500000,0x00000000dea00000)
 ParOldGen       total 87552K, used 12270K [0x0000000081a00000, 0x0000000086f80000, 0x00000000d5e00000)
  object space 87552K, 14% used [0x0000000081a00000,0x00000000825fb8b8,0x0000000086f80000)
 Metaspace       used 20792K, capacity 21212K, committed 21296K, reserved 1069056K
  class space    used 2538K, capacity 2659K, committed 2688K, reserved 1048576K
Event: 1.676 GC heap after
Heap after GC invocations=4 (full 1):
 PSYoungGen      total 71680K, used 0K [0x00000000d5e00000, 0x00000000dea00000, 0x0000000100000000)
  eden space 66560K, 0% used [0x00000000d5e00000,0x00000000d5e00000,0x00000000d9f00000)
  from space 5120K, 0% used [0x00000000d9f00000,0x00000000d9f00000,0x00000000da400000)
  to   space 5120K, 0% used [0x00000000de500000,0x00000000de500000,0x00000000dea00000)
 ParOldGen       total 67584K, used 9375K [0x0000000081a00000, 0x0000000085c00000, 0x00000000d5e00000)
  object space 67584K, 13% used [0x0000000081a00000,0x0000000082327f18,0x0000000085c00000)
 Metaspace       used 20792K, capacity 21212K, committed 21296K, reserved 1069056K
  class space    used 2538K, capacity 2659K, committed 2688K, reserved 1048576K
}
Event: 3.391 GC heap before
{Heap before GC invocations=5 (full 1):
 PSYoungGen      total 71680K, used 66560K [0x00000000d5e00000, 0x00000000dea00000, 0x0000000100000000)
  eden space 66560K, 100% used [0x00000000d5e00000,0x00000000d9f00000,0x00000000d9f00000)
  from space 5120K, 0% used [0x00000000d9f00000,0x00000000d9f00000,0x00000000da400000)
  to   space 5120K, 0% used [0x00000000de500000,0x00000000de500000,0x00000000dea00000)
 ParOldGen       total 67584K, used 9375K [0x0000000081a00000, 0x0000000085c00000, 0x00000000d5e00000)
  object space 67584K, 13% used [0x0000000081a00000,0x0000000082327f18,0x0000000085c00000)
 Metaspace       used 29679K, capacity 30158K, committed 30336K, reserved 1075200K
  class space    used 3755K, capacity 3883K, committed 3968K, reserved 1048576K
Event: 3.428 GC heap after
Heap after GC invocations=5 (full 1):
 PSYoungGen      total 100352K, used 5090K [0x00000000d5e00000, 0x00000000dea00000, 0x0000000100000000)
  eden space 95232K, 0% used [0x00000000d5e00000,0x00000000d5e00000,0x00000000dbb00000)
  from space 5120K, 99% used [0x00000000de500000,0x00000000de9f8908,0x00000000dea00000)
  to   space 5120K, 0% used [0x00000000de000000,0x00000000de000000,0x00000000de500000)
 ParOldGen       total 67584K, used 20849K [0x0000000081a00000, 0x0000000085c00000, 0x00000000d5e00000)
  object space 67584K, 30% used [0x0000000081a00000,0x0000000082e5c500,0x0000000085c00000)
 Metaspace       used 29679K, capacity 30158K, committed 30336K, reserved 1075200K
  class space    used 3755K, capacity 3883K, committed 3968K, reserved 1048576K
}
Event: 4.142 GC heap before
{Heap before GC invocations=6 (full 1):
 PSYoungGen      total 100352K, used 31907K [0x00000000d5e00000, 0x00000000dea00000, 0x0000000100000000)
  eden space 95232K, 28% used [0x00000000d5e00000,0x00000000d7830358,0x00000000dbb00000)
  from space 5120K, 99% used [0x00000000de500000,0x00000000de9f8908,0x00000000dea00000)
  to   space 5120K, 0% used [0x00000000de000000,0x00000000de000000,0x00000000de500000)
 ParOldGen       total 67584K, used 20849K [0x0000000081a00000, 0x0000000085c00000, 0x00000000d5e00000)
  object space 67584K, 30% used [0x0000000081a00000,0x0000000082e5c500,0x0000000085c00000)
 Metaspace       used 34722K, capacity 35284K, committed 35456K, reserved 1079296K
  class space    used 4519K, capacity 4652K, committed 4736K, reserved 1048576K
Event: 4.155 GC heap after
Heap after GC invocations=6 (full 1):
 PSYoungGen      total 138240K, used 5090K [0x00000000d5e00000, 0x00000000e0080000, 0x0000000100000000)
  eden space 133120K, 0% used [0x00000000d5e00000,0x00000000d5e00000,0x00000000de000000)
  from space 5120K, 99% used [0x00000000de000000,0x00000000de4f88f8,0x00000000de500000)
  to   space 15872K, 0% used [0x00000000df100000,0x00000000df100000,0x00000000e0080000)
 ParOldGen       total 67584K, used 27272K [0x0000000081a00000, 0x0000000085c00000, 0x00000000d5e00000)
  object space 67584K, 40% used [0x0000000081a00000,0x00000000834a20c0,0x0000000085c00000)
 Metaspace       used 34722K, capacity 35284K, committed 35456K, reserved 1079296K
  class space    used 4519K, capacity 4652K, committed 4736K, reserved 1048576K
}
Event: 4.155 GC heap before
{Heap before GC invocations=7 (full 2):
 PSYoungGen      total 138240K, used 5090K [0x00000000d5e00000, 0x00000000e0080000, 0x0000000100000000)
  eden space 133120K, 0% used [0x00000000d5e00000,0x00000000d5e00000,0x00000000de000000)
  from space 5120K, 99% used [0x00000000de000000,0x00000000de4f88f8,0x00000000de500000)
  to   space 15872K, 0% used [0x00000000df100000,0x00000000df100000,0x00000000e0080000)
 ParOldGen       total 67584K, used 27272K [0x0000000081a00000, 0x0000000085c00000, 0x00000000d5e00000)
  object space 67584K, 40% used [0x0000000081a00000,0x00000000834a20c0,0x0000000085c00000)
 Metaspace       used 34722K, capacity 35284K, committed 35456K, reserved 1079296K
  class space    used 4519K, capacity 4652K, committed 4736K, reserved 1048576K
Event: 4.275 GC heap after
Heap after GC invocations=7 (full 2):
 PSYoungGen      total 138240K, used 0K [0x00000000d5e00000, 0x00000000e0080000, 0x0000000100000000)
  eden space 133120K, 0% used [0x00000000d5e00000,0x00000000d5e00000,0x00000000de000000)
  from space 5120K, 0% used [0x00000000de000000,0x00000000de000000,0x00000000de500000)
  to   space 15872K, 0% used [0x00000000df100000,0x00000000df100000,0x00000000e0080000)
 ParOldGen       total 67584K, used 19673K [0x0000000081a00000, 0x0000000085c00000, 0x00000000d5e00000)
  object space 67584K, 29% used [0x0000000081a00000,0x0000000082d36480,0x0000000085c00000)
 Metaspace       used 34722K, capacity 35284K, committed 35456K, reserved 1079296K
  class space    used 4519K, capacity 4652K, committed 4736K, reserved 1048576K
}

