# JRE version: OpenJDK Runtime Environment (11.0.11+9) (build 11.0.11+9-b60-7590822)
# Java VM: OpenJDK 64-Bit Server VM (11.0.11+9-b60-7590822, mixed mode, tiered, compressed oops, g1 gc, windows-amd64)
Heap:
 garbage-first heap   total 189440K, used 132585K [0x0000000080000000, 0x0000000100000000)
  region size 1024K, 23 young (23552K), 4 survivors (4096K)
 Metaspace       used 103932K, capacity 106510K, committed 106844K, reserved 1142784K
  class space    used 13260K, capacity 14220K, committed 14336K, reserved 1048576K
GC Heap History (20 events):
Event: 55.643 GC heap before
{Heap before GC invocations=24 (full 0):
 garbage-first heap   total 189440K, used 146793K [0x0000000080000000, 0x0000000100000000)
  region size 1024K, 39 young (39936K), 3 survivors (3072K)
 Metaspace       used 93852K, capacity 96114K, committed 96476K, reserved 1132544K
  class space    used 12001K, capacity 12804K, committed 12928K, reserved 1048576K
}
Event: 55.651 GC heap after
{Heap after GC invocations=25 (full 0):
 garbage-first heap   total 189440K, used 112790K [0x0000000080000000, 0x0000000100000000)
  region size 1024K, 5 young (5120K), 5 survivors (5120K)
 Metaspace       used 93852K, capacity 96114K, committed 96476K, reserved 1132544K
  class space    used 12001K, capacity 12804K, committed 12928K, reserved 1048576K
}
Event: 56.827 GC heap before
{Heap before GC invocations=26 (full 0):
 garbage-first heap   total 189440K, used 149654K [0x0000000080000000, 0x0000000100000000)
  region size 1024K, 42 young (43008K), 5 survivors (5120K)
 Metaspace       used 94793K, capacity 97087K, committed 97372K, reserved 1134592K
  class space    used 12117K, capacity 12968K, committed 13056K, reserved 1048576K
}
Event: 56.839 GC heap after
{Heap after GC invocations=27 (full 0):
 garbage-first heap   total 189440K, used 115048K [0x0000000080000000, 0x0000000100000000)
  region size 1024K, 5 young (5120K), 5 survivors (5120K)
 Metaspace       used 94793K, capacity 97087K, committed 97372K, reserved 1134592K
  class space    used 12117K, capacity 12968K, committed 13056K, reserved 1048576K
}
Event: 56.918 GC heap before
{Heap before GC invocations=27 (full 0):
 garbage-first heap   total 189440K, used 118120K [0x0000000080000000, 0x0000000100000000)
  region size 1024K, 9 young (9216K), 5 survivors (5120K)
 Metaspace       used 94883K, capacity 97215K, committed 97372K, reserved 1134592K
  class space    used 12131K, capacity 12968K, committed 13056K, reserved 1048576K
}
Event: 56.931 GC heap after
{Heap after GC invocations=28 (full 0):
 garbage-first heap   total 189440K, used 107254K [0x0000000080000000, 0x0000000100000000)
  region size 1024K, 1 young (1024K), 1 survivors (1024K)
 Metaspace       used 94883K, capacity 97215K, committed 97372K, reserved 1134592K
  class space    used 12131K, capacity 12968K, committed 13056K, reserved 1048576K
}
Event: 57.411 GC heap before
{Heap before GC invocations=28 (full 0):
 garbage-first heap   total 189440K, used 148214K [0x0000000080000000, 0x0000000100000000)
  region size 1024K, 42 young (43008K), 1 survivors (1024K)
 Metaspace       used 96595K, capacity 99040K, committed 99164K, reserved 1134592K
  class space    used 12361K, capacity 13192K, committed 13312K, reserved 1048576K
}
Event: 57.417 GC heap after
{Heap after GC invocations=29 (full 0):
 garbage-first heap   total 189440K, used 107851K [0x0000000080000000, 0x0000000100000000)
  region size 1024K, 2 young (2048K), 2 survivors (2048K)
 Metaspace       used 96595K, capacity 99040K, committed 99164K, reserved 1134592K
  class space    used 12361K, capacity 13192K, committed 13312K, reserved 1048576K
}
Event: 58.949 GC heap before
{Heap before GC invocations=30 (full 0):
 garbage-first heap   total 189440K, used 148811K [0x0000000080000000, 0x0000000100000000)
  region size 1024K, 45 young (46080K), 2 survivors (2048K)
 Metaspace       used 97847K, capacity 100206K, committed 100444K, reserved 1136640K
  class space    used 12489K, capacity 13305K, committed 13312K, reserved 1048576K
}
Event: 58.959 GC heap after
{Heap after GC invocations=31 (full 0):
 garbage-first heap   total 189440K, used 109272K [0x0000000080000000, 0x0000000100000000)
  region size 1024K, 5 young (5120K), 5 survivors (5120K)
 Metaspace       used 97847K, capacity 100206K, committed 100444K, reserved 1136640K
  class space    used 12489K, capacity 13305K, committed 13312K, reserved 1048576K
}
Event: 59.049 GC heap before
{Heap before GC invocations=31 (full 0):
 garbage-first heap   total 189440K, used 112344K [0x0000000080000000, 0x0000000100000000)
  region size 1024K, 9 young (9216K), 5 survivors (5120K)
 Metaspace       used 97848K, capacity 100206K, committed 100444K, reserved 1136640K
  class space    used 12489K, capacity 13305K, committed 13312K, reserved 1048576K
}
Event: 59.061 GC heap after
{Heap after GC invocations=32 (full 0):
 garbage-first heap   total 189440K, used 104833K [0x0000000080000000, 0x0000000100000000)
  region size 1024K, 1 young (1024K), 1 survivors (1024K)
 Metaspace       used 97848K, capacity 100206K, committed 100444K, reserved 1136640K
  class space    used 12489K, capacity 13305K, committed 13312K, reserved 1048576K
}
Event: 68.629 GC heap before
{Heap before GC invocations=32 (full 0):
 garbage-first heap   total 189440K, used 149889K [0x0000000080000000, 0x0000000100000000)
  region size 1024K, 46 young (47104K), 1 survivors (1024K)
 Metaspace       used 98649K, capacity 100999K, committed 101084K, reserved 1136640K
  class space    used 12572K, capacity 13377K, committed 13440K, reserved 1048576K
}
Event: 68.648 GC heap after
{Heap after GC invocations=33 (full 0):
 garbage-first heap   total 189440K, used 111485K [0x0000000080000000, 0x0000000100000000)
  region size 1024K, 6 young (6144K), 6 survivors (6144K)
 Metaspace       used 98649K, capacity 100999K, committed 101084K, reserved 1136640K
  class space    used 12572K, capacity 13377K, committed 13440K, reserved 1048576K
}
Event: 70.498 GC heap before
{Heap before GC invocations=34 (full 0):
 garbage-first heap   total 189440K, used 152445K [0x0000000080000000, 0x0000000100000000)
  region size 1024K, 47 young (48128K), 6 survivors (6144K)
 Metaspace       used 99281K, capacity 101681K, committed 101980K, reserved 1138688K
  class space    used 12640K, capacity 13476K, committed 13568K, reserved 1048576K
}
Event: 70.515 GC heap after
{Heap after GC invocations=35 (full 0):
 garbage-first heap   total 189440K, used 111700K [0x0000000080000000, 0x0000000100000000)
  region size 1024K, 2 young (2048K), 2 survivors (2048K)
 Metaspace       used 99281K, capacity 101681K, committed 101980K, reserved 1138688K
  class space    used 12640K, capacity 13476K, committed 13568K, reserved 1048576K
}
Event: 70.756 GC heap before
{Heap before GC invocations=35 (full 0):
 garbage-first heap   total 189440K, used 118868K [0x0000000080000000, 0x0000000100000000)
  region size 1024K, 9 young (9216K), 2 survivors (2048K)
 Metaspace       used 99785K, capacity 102193K, committed 102236K, reserved 1138688K
  class space    used 12698K, capacity 13540K, committed 13568K, reserved 1048576K
}
Event: 70.764 GC heap after
{Heap after GC invocations=36 (full 0):
 garbage-first heap   total 189440K, used 111342K [0x0000000080000000, 0x0000000100000000)
  region size 1024K, 1 young (1024K), 1 survivors (1024K)
 Metaspace       used 99785K, capacity 102193K, committed 102236K, reserved 1138688K
  class space    used 12698K, capacity 13540K, committed 13568K, reserved 1048576K
}
Event: 76.293 GC heap before
{Heap before GC invocations=36 (full 0):
 garbage-first heap   total 189440K, used 154350K [0x0000000080000000, 0x0000000100000000)
  region size 1024K, 43 young (44032K), 1 survivors (1024K)
 Metaspace       used 101830K, capacity 104233K, committed 104284K, reserved 1140736K
  class space    used 12932K, capacity 13786K, committed 13824K, reserved 1048576K
}
Event: 76.302 GC heap after
{Heap after GC invocations=37 (full 0):
 garbage-first heap   total 189440K, used 114153K [0x0000000080000000, 0x0000000100000000)
  region size 1024K, 4 young (4096K), 4 survivors (4096K)
 Metaspace       used 101830K, capacity 104233K, committed 104284K, reserved 1140736K
  class space    used 12932K, capacity 13786K, committed 13824K, reserved 1048576K
}

