# JRE version: OpenJDK Runtime Environment (11.0.11+9) (build 11.0.11+9-b60-7590822)
# Java VM: OpenJDK 64-Bit Server VM (11.0.11+9-b60-7590822, mixed mode, tiered, compressed oops, g1 gc, windows-amd64)
Heap:
 garbage-first heap   total 178176K, used 145561K [0x0000000080000000, 0x0000000100000000)
  region size 1024K, 29 young (29696K), 3 survivors (3072K)
 Metaspace       used 126247K, capacity 131313K, committed 131664K, reserved 1163264K
  class space    used 15807K, capacity 17624K, committed 17792K, reserved 1048576K
GC Heap History (20 events):
Event: 9245.650 GC heap before
{Heap before GC invocations=282 (full 0):
 garbage-first heap   total 178176K, used 149779K [0x0000000080000000, 0x0000000100000000)
  region size 1024K, 25 young (25600K), 2 survivors (2048K)
 Metaspace       used 125776K, capacity 130599K, committed 131664K, reserved 1163264K
  class space    used 15738K, capacity 17497K, committed 17792K, reserved 1048576K
}
Event: 9245.655 GC heap after
{Heap after GC invocations=283 (full 0):
 garbage-first heap   total 178176K, used 125741K [0x0000000080000000, 0x0000000100000000)
  region size 1024K, 2 young (2048K), 2 survivors (2048K)
 Metaspace       used 125776K, capacity 130599K, committed 131664K, reserved 1163264K
  class space    used 15738K, capacity 17497K, committed 17792K, reserved 1048576K
}
Event: 9246.035 GC heap before
{Heap before GC invocations=284 (full 0):
 garbage-first heap   total 178176K, used 151341K [0x0000000080000000, 0x0000000100000000)
  region size 1024K, 27 young (27648K), 2 survivors (2048K)
 Metaspace       used 125784K, capacity 130601K, committed 131664K, reserved 1163264K
  class space    used 15738K, capacity 17497K, committed 17792K, reserved 1048576K
}
Event: 9246.042 GC heap after
{Heap after GC invocations=285 (full 0):
 garbage-first heap   total 178176K, used 130323K [0x0000000080000000, 0x0000000100000000)
  region size 1024K, 4 young (4096K), 4 survivors (4096K)
 Metaspace       used 125784K, capacity 130601K, committed 131664K, reserved 1163264K
  class space    used 15738K, capacity 17497K, committed 17792K, reserved 1048576K
}
Event: 9246.252 GC heap before
{Heap before GC invocations=285 (full 0):
 garbage-first heap   total 178176K, used 133395K [0x0000000080000000, 0x0000000100000000)
  region size 1024K, 8 young (8192K), 4 survivors (4096K)
 Metaspace       used 125787K, capacity 130601K, committed 131664K, reserved 1163264K
  class space    used 15738K, capacity 17497K, committed 17792K, reserved 1048576K
}
Event: 9246.263 GC heap after
{Heap after GC invocations=286 (full 0):
 garbage-first heap   total 178176K, used 123142K [0x0000000080000000, 0x0000000100000000)
  region size 1024K, 1 young (1024K), 1 survivors (1024K)
 Metaspace       used 125787K, capacity 130601K, committed 131664K, reserved 1163264K
  class space    used 15738K, capacity 17497K, committed 17792K, reserved 1048576K
}
Event: 9246.749 GC heap before
{Heap before GC invocations=286 (full 0):
 garbage-first heap   total 178176K, used 148742K [0x0000000080000000, 0x0000000100000000)
  region size 1024K, 27 young (27648K), 1 survivors (1024K)
 Metaspace       used 125795K, capacity 130604K, committed 131664K, reserved 1163264K
  class space    used 15739K, capacity 17498K, committed 17792K, reserved 1048576K
}
Event: 9246.755 GC heap after
{Heap after GC invocations=287 (full 0):
 garbage-first heap   total 178176K, used 123818K [0x0000000080000000, 0x0000000100000000)
  region size 1024K, 2 young (2048K), 2 survivors (2048K)
 Metaspace       used 125795K, capacity 130604K, committed 131664K, reserved 1163264K
  class space    used 15739K, capacity 17498K, committed 17792K, reserved 1048576K
}
Event: 9759.100 GC heap before
{Heap before GC invocations=288 (full 0):
 garbage-first heap   total 178176K, used 175018K [0x0000000080000000, 0x0000000100000000)
  region size 1024K, 28 young (28672K), 2 survivors (2048K)
 Metaspace       used 125806K, capacity 130604K, committed 131664K, reserved 1163264K
  class space    used 15739K, capacity 17498K, committed 17792K, reserved 1048576K
}
Event: 9759.112 GC heap after
{Heap after GC invocations=289 (full 0):
 garbage-first heap   total 178176K, used 120938K [0x0000000080000000, 0x0000000100000000)
  region size 1024K, 1 young (1024K), 1 survivors (1024K)
 Metaspace       used 125806K, capacity 130604K, committed 131664K, reserved 1163264K
  class space    used 15739K, capacity 17498K, committed 17792K, reserved 1048576K
}
Event: 10115.872 GC heap before
{Heap before GC invocations=289 (full 0):
 garbage-first heap   total 178176K, used 127082K [0x0000000080000000, 0x0000000100000000)
  region size 1024K, 8 young (8192K), 1 survivors (1024K)
 Metaspace       used 125806K, capacity 130604K, committed 131664K, reserved 1163264K
  class space    used 15739K, capacity 17498K, committed 17792K, reserved 1048576K
}
Event: 10115.894 GC heap after
{Heap after GC invocations=290 (full 0):
 garbage-first heap   total 178176K, used 109686K [0x0000000080000000, 0x0000000100000000)
  region size 1024K, 1 young (1024K), 1 survivors (1024K)
 Metaspace       used 125806K, capacity 130604K, committed 131664K, reserved 1163264K
  class space    used 15739K, capacity 17498K, committed 17792K, reserved 1048576K
}
Event: 11012.464 GC heap before
{Heap before GC invocations=290 (full 0):
 garbage-first heap   total 178176K, used 145526K [0x0000000080000000, 0x0000000100000000)
  region size 1024K, 37 young (37888K), 1 survivors (1024K)
 Metaspace       used 125823K, capacity 130622K, committed 131664K, reserved 1163264K
  class space    used 15741K, capacity 17501K, committed 17792K, reserved 1048576K
}
Event: 11012.474 GC heap after
{Heap after GC invocations=291 (full 0):
 garbage-first heap   total 178176K, used 111388K [0x0000000080000000, 0x0000000100000000)
  region size 1024K, 3 young (3072K), 3 survivors (3072K)
 Metaspace       used 125823K, capacity 130622K, committed 131664K, reserved 1163264K
  class space    used 15741K, capacity 17501K, committed 17792K, reserved 1048576K
}
Event: 11014.425 GC heap before
{Heap before GC invocations=292 (full 0):
 garbage-first heap   total 178176K, used 147228K [0x0000000080000000, 0x0000000100000000)
  region size 1024K, 38 young (38912K), 3 survivors (3072K)
 Metaspace       used 125814K, capacity 130586K, committed 131664K, reserved 1163264K
  class space    used 15735K, capacity 17489K, committed 17792K, reserved 1048576K
}
Event: 11014.483 GC heap after
{Heap after GC invocations=293 (full 0):
 garbage-first heap   total 178176K, used 117716K [0x0000000080000000, 0x0000000100000000)
  region size 1024K, 5 young (5120K), 5 survivors (5120K)
 Metaspace       used 125814K, capacity 130586K, committed 131664K, reserved 1163264K
  class space    used 15735K, capacity 17489K, committed 17792K, reserved 1048576K
}
Event: 11014.504 GC heap before
{Heap before GC invocations=293 (full 0):
 garbage-first heap   total 178176K, used 120788K [0x0000000080000000, 0x0000000100000000)
  region size 1024K, 8 young (8192K), 5 survivors (5120K)
 Metaspace       used 125814K, capacity 130586K, committed 131664K, reserved 1163264K
  class space    used 15735K, capacity 17489K, committed 17792K, reserved 1048576K
}
Event: 11014.532 GC heap after
{Heap after GC invocations=294 (full 0):
 garbage-first heap   total 178176K, used 118041K [0x0000000080000000, 0x0000000100000000)
  region size 1024K, 1 young (1024K), 1 survivors (1024K)
 Metaspace       used 125814K, capacity 130586K, committed 131664K, reserved 1163264K
  class space    used 15735K, capacity 17489K, committed 17792K, reserved 1048576K
}
Event: 11017.994 GC heap before
{Heap before GC invocations=294 (full 0):
 garbage-first heap   total 178176K, used 146713K [0x0000000080000000, 0x0000000100000000)
  region size 1024K, 30 young (30720K), 1 survivors (1024K)
 Metaspace       used 126234K, capacity 131243K, committed 131664K, reserved 1163264K
  class space    used 15806K, capacity 17622K, committed 17792K, reserved 1048576K
}
Event: 11018.006 GC heap after
{Heap after GC invocations=295 (full 0):
 garbage-first heap   total 178176K, used 119961K [0x0000000080000000, 0x0000000100000000)
  region size 1024K, 3 young (3072K), 3 survivors (3072K)
 Metaspace       used 126234K, capacity 131243K, committed 131664K, reserved 1163264K
  class space    used 15806K, capacity 17622K, committed 17792K, reserved 1048576K
}

